app/build/intermediates/manifest_merge_blame_file/debug/manifest-merger-blame-debug-report.txt
1<?xml version="1.0" encoding="utf-8"?>
2<manifest xmlns:android="http://schemas.android.com/apk/res/android"
3    package="com.example.call_managment_system"
4    android:versionCode="1"
5    android:versionName="1.0" >
6
7    <uses-sdk
8        android:minSdkVersion="23"
8-->src\main\AndroidManifest.xml
9        android:targetSdkVersion="29" />
9-->src\main\AndroidManifest.xml
10
11    <uses-feature android:name="android.hardware.type.watch" />
11-->src\main\AndroidManifest.xml:35:5-64
11-->src\main\AndroidManifest.xml:35:19-61
12
13    <uses-permission android:name="android.permission.WAKE_LOCK" />
13-->src\main\AndroidManifest.xml:37:5-68
13-->src\main\AndroidManifest.xml:37:22-65
14
15    <application
15-->src\main\AndroidManifest.xml:5:5-33:19
16        android:allowBackup="true"
16-->src\main\AndroidManifest.xml:6:9-35
17        android:appComponentFactory="androidx.core.app.CoreComponentFactory"
17-->[androidx.core:core:1.5.0] AndroidManifest.xml:24:18-86
18        android:debuggable="true"
19        android:extractNativeLibs="false"
20        android:icon="@mipmap/ic_launcher"
20-->src\main\AndroidManifest.xml:7:9-43
21        android:label="@string/app_name"
21-->src\main\AndroidManifest.xml:8:9-41
22        android:roundIcon="@mipmap/ic_launcher_round"
22-->src\main\AndroidManifest.xml:9:9-54
23        android:supportsRtl="true"
23-->src\main\AndroidManifest.xml:10:9-35
24        android:theme="@style/Theme.Call_Managment_system" >
24-->src\main\AndroidManifest.xml:11:9-59
25        <activity android:name="com.example.call_managment_system.HomeActivity" />
25-->src\main\AndroidManifest.xml:12:9-59
25-->src\main\AndroidManifest.xml:12:19-47
26        <activity android:name="com.example.call_managment_system.MainActivity3" />
26-->src\main\AndroidManifest.xml:13:9-51
26-->src\main\AndroidManifest.xml:13:19-48
27        <!--
28               Set to true if your app is Standalone, that is, it does not require the handheld
29               app to run.
30        -->
31        <activity android:name="com.example.call_managment_system.MainActivity" >
31-->src\main\AndroidManifest.xml:18:9-24:20
31-->src\main\AndroidManifest.xml:18:19-47
32            <intent-filter>
32-->src\main\AndroidManifest.xml:19:13-23:29
33                <action android:name="android.intent.action.MAIN" />
33-->src\main\AndroidManifest.xml:20:17-69
33-->src\main\AndroidManifest.xml:20:25-66
34
35                <category android:name="android.intent.category.LAUNCHER" />
35-->src\main\AndroidManifest.xml:22:17-77
35-->src\main\AndroidManifest.xml:22:27-74
36            </intent-filter>
37        </activity>
38
39        <meta-data
39-->src\main\AndroidManifest.xml:26:9-28:36
40            android:name="com.google.android.wearable.standalone"
40-->src\main\AndroidManifest.xml:27:13-66
41            android:value="true" />
41-->src\main\AndroidManifest.xml:28:13-33
42
43        <uses-library
43-->src\main\AndroidManifest.xml:30:9-32:39
44            android:name="com.google.android.wearable"
44-->src\main\AndroidManifest.xml:31:13-55
45            android:required="true" />
45-->src\main\AndroidManifest.xml:32:13-36
46    </application>
47
48</manifest>